# JRE version: OpenJDK Runtime Environment (8.0_202-b03) (build 1.8.0_202-release-1483-b03)
# Java VM: OpenJDK 64-Bit Server VM (25.202-b03 mixed mode windows-amd64 compressed oops)
Heap:
 PSYoungGen      total 360960K, used 56090K [0x00000000e0000000, 0x00000000f9900000, 0x0000000100000000)
  eden space 329728K, 7% used [0x00000000e0000000,0x00000000e187b110,0x00000000f4200000)
  from space 31232K, 99% used [0x00000000f4f80000,0x00000000f6dcb948,0x00000000f6e00000)
  to   space 44032K, 0% used [0x00000000f6e00000,0x00000000f6e00000,0x00000000f9900000)
 ParOldGen       total 136704K, used 83603K [0x00000000a0000000, 0x00000000a8580000, 0x00000000e0000000)
  object space 136704K, 61% used [0x00000000a0000000,0x00000000a51a4d28,0x00000000a8580000)
 Metaspace       used 91579K, capacity 95506K, committed 95744K, reserved 1132544K
  class space    used 11484K, capacity 12275K, committed 12288K, reserved 1048576K
GC Heap History (10 events):
Event: 182.410 GC heap before
{Heap before GC invocations=18 (full 3):
 PSYoungGen      total 326656K, used 312320K [0x00000000e0000000, 0x00000000f6c00000, 0x0000000100000000)
  eden space 312320K, 100% used [0x00000000e0000000,0x00000000f3100000,0x00000000f3100000)
  from space 14336K, 0% used [0x00000000f4500000,0x00000000f4500000,0x00000000f5300000)
  to   space 20480K, 0% used [0x00000000f3100000,0x00000000f3100000,0x00000000f4500000)
 ParOldGen       total 136704K, used 38847K [0x00000000a0000000, 0x00000000a8580000, 0x00000000e0000000)
  object space 136704K, 28% used [0x00000000a0000000,0x00000000a25effe0,0x00000000a8580000)
 Metaspace       used 65628K, capacity 67702K, committed 67968K, reserved 1107968K
  class space    used 8547K, capacity 8984K, committed 9088K, reserved 1048576K
Event: 182.430 GC heap after
Heap after GC invocations=18 (full 3):
 PSYoungGen      total 332800K, used 13611K [0x00000000e0000000, 0x00000000f9d80000, 0x0000000100000000)
  eden space 312320K, 0% used [0x00000000e0000000,0x00000000e0000000,0x00000000f3100000)
  from space 20480K, 66% used [0x00000000f3100000,0x00000000f3e4ace8,0x00000000f4500000)
  to   space 20480K, 0% used [0x00000000f8980000,0x00000000f8980000,0x00000000f9d80000)
 ParOldGen       total 136704K, used 38855K [0x00000000a0000000, 0x00000000a8580000, 0x00000000e0000000)
  object space 136704K, 28% used [0x00000000a0000000,0x00000000a25f1fe0,0x00000000a8580000)
 Metaspace       used 65628K, capacity 67702K, committed 67968K, reserved 1107968K
  class space    used 8547K, capacity 8984K, committed 9088K, reserved 1048576K
}
Event: 231.591 GC heap before
{Heap before GC invocations=19 (full 3):
 PSYoungGen      total 332800K, used 325931K [0x00000000e0000000, 0x00000000f9d80000, 0x0000000100000000)
  eden space 312320K, 100% used [0x00000000e0000000,0x00000000f3100000,0x00000000f3100000)
  from space 20480K, 66% used [0x00000000f3100000,0x00000000f3e4ace8,0x00000000f4500000)
  to   space 20480K, 0% used [0x00000000f8980000,0x00000000f8980000,0x00000000f9d80000)
 ParOldGen       total 136704K, used 38855K [0x00000000a0000000, 0x00000000a8580000, 0x00000000e0000000)
  object space 136704K, 28% used [0x00000000a0000000,0x00000000a25f1fe0,0x00000000a8580000)
 Metaspace       used 72329K, capacity 75092K, committed 75392K, reserved 1114112K
  class space    used 9436K, capacity 10011K, committed 10112K, reserved 1048576K
Event: 231.613 GC heap after
Heap after GC invocations=19 (full 3):
 PSYoungGen      total 392192K, used 20475K [0x00000000e0000000, 0x00000000f9d80000, 0x0000000100000000)
  eden space 371712K, 0% used [0x00000000e0000000,0x00000000e0000000,0x00000000f6b00000)
  from space 20480K, 99% used [0x00000000f8980000,0x00000000f9d7efe8,0x00000000f9d80000)
  to   space 25088K, 0% used [0x00000000f6c80000,0x00000000f6c80000,0x00000000f8500000)
 ParOldGen       total 136704K, used 43927K [0x00000000a0000000, 0x00000000a8580000, 0x00000000e0000000)
  object space 136704K, 32% used [0x00000000a0000000,0x00000000a2ae5f48,0x00000000a8580000)
 Metaspace       used 72329K, capacity 75092K, committed 75392K, reserved 1114112K
  class space    used 9436K, capacity 10011K, committed 10112K, reserved 1048576K
}
Event: 703.414 GC heap before
{Heap before GC invocations=20 (full 3):
 PSYoungGen      total 392192K, used 392187K [0x00000000e0000000, 0x00000000f9d80000, 0x0000000100000000)
  eden space 371712K, 100% used [0x00000000e0000000,0x00000000f6b00000,0x00000000f6b00000)
  from space 20480K, 99% used [0x00000000f8980000,0x00000000f9d7efe8,0x00000000f9d80000)
  to   space 25088K, 0% used [0x00000000f6c80000,0x00000000f6c80000,0x00000000f8500000)
 ParOldGen       total 136704K, used 43927K [0x00000000a0000000, 0x00000000a8580000, 0x00000000e0000000)
  object space 136704K, 32% used [0x00000000a0000000,0x00000000a2ae5f48,0x00000000a8580000)
 Metaspace       used 79354K, capacity 82772K, committed 83072K, reserved 1122304K
  class space    used 10172K, capacity 10814K, committed 10880K, reserved 1048576K
Event: 703.469 GC heap after
Heap after GC invocations=20 (full 3):
 PSYoungGen      total 381952K, used 25075K [0x00000000e0000000, 0x00000000fa180000, 0x0000000100000000)
  eden space 356864K, 0% used [0x00000000e0000000,0x00000000e0000000,0x00000000f5c80000)
  from space 25088K, 99% used [0x00000000f6c80000,0x00000000f84fcf00,0x00000000f8500000)
  to   space 29184K, 0% used [0x00000000f8500000,0x00000000f8500000,0x00000000fa180000)
 ParOldGen       total 136704K, used 61729K [0x00000000a0000000, 0x00000000a8580000, 0x00000000e0000000)
  object space 136704K, 45% used [0x00000000a0000000,0x00000000a3c487e8,0x00000000a8580000)
 Metaspace       used 79354K, capacity 82772K, committed 83072K, reserved 1122304K
  class space    used 10172K, capacity 10814K, committed 10880K, reserved 1048576K
}
Event: 1017.722 GC heap before
{Heap before GC invocations=21 (full 3):
 PSYoungGen      total 381952K, used 381939K [0x00000000e0000000, 0x00000000fa180000, 0x0000000100000000)
  eden space 356864K, 100% used [0x00000000e0000000,0x00000000f5c80000,0x00000000f5c80000)
  from space 25088K, 99% used [0x00000000f6c80000,0x00000000f84fcf00,0x00000000f8500000)
  to   space 29184K, 0% used [0x00000000f8500000,0x00000000f8500000,0x00000000fa180000)
 ParOldGen       total 136704K, used 61729K [0x00000000a0000000, 0x00000000a8580000, 0x00000000e0000000)
  object space 136704K, 45% used [0x00000000a0000000,0x00000000a3c487e8,0x00000000a8580000)
 Metaspace       used 85131K, capacity 89022K, committed 89088K, reserved 1126400K
  class space    used 10770K, capacity 11519K, committed 11520K, reserved 1048576K
Event: 1017.802 GC heap after
Heap after GC invocations=21 (full 3):
 PSYoungGen      total 372224K, used 29172K [0x00000000e0000000, 0x00000000fa180000, 0x0000000100000000)
  eden space 343040K, 0% used [0x00000000e0000000,0x00000000e0000000,0x00000000f4f00000)
  from space 29184K, 99% used [0x00000000f8500000,0x00000000fa17d0e0,0x00000000fa180000)
  to   space 41984K, 0% used [0x00000000f4f80000,0x00000000f4f80000,0x00000000f7880000)
 ParOldGen       total 136704K, used 71537K [0x00000000a0000000, 0x00000000a8580000, 0x00000000e0000000)
  object space 136704K, 52% used [0x00000000a0000000,0x00000000a45dc600,0x00000000a8580000)
 Metaspace       used 85131K, capacity 89022K, committed 89088K, reserved 1126400K
  class space    used 10770K, capacity 11519K, committed 11520K, reserved 1048576K
}
Event: 1026.814 GC heap before
{Heap before GC invocations=22 (full 3):
 PSYoungGen      total 372224K, used 372212K [0x00000000e0000000, 0x00000000fa180000, 0x0000000100000000)
  eden space 343040K, 100% used [0x00000000e0000000,0x00000000f4f00000,0x00000000f4f00000)
  from space 29184K, 99% used [0x00000000f8500000,0x00000000fa17d0e0,0x00000000fa180000)
  to   space 41984K, 0% used [0x00000000f4f80000,0x00000000f4f80000,0x00000000f7880000)
 ParOldGen       total 136704K, used 71537K [0x00000000a0000000, 0x00000000a8580000, 0x00000000e0000000)
  object space 136704K, 52% used [0x00000000a0000000,0x00000000a45dc600,0x00000000a8580000)
 Metaspace       used 90224K, capacity 94156K, committed 94336K, reserved 1132544K
  class space    used 11378K, capacity 12146K, committed 12160K, reserved 1048576K
Event: 1026.877 GC heap after
Heap after GC invocations=22 (full 3):
 PSYoungGen      total 360960K, used 31022K [0x00000000e0000000, 0x00000000f9900000, 0x0000000100000000)
  eden space 329728K, 0% used [0x00000000e0000000,0x00000000e0000000,0x00000000f4200000)
  from space 31232K, 99% used [0x00000000f4f80000,0x00000000f6dcb948,0x00000000f6e00000)
  to   space 44032K, 0% used [0x00000000f6e00000,0x00000000f6e00000,0x00000000f9900000)
 ParOldGen       total 136704K, used 83603K [0x00000000a0000000, 0x00000000a8580000, 0x00000000e0000000)
  object space 136704K, 61% used [0x00000000a0000000,0x00000000a51a4d28,0x00000000a8580000)
 Metaspace       used 90224K, capacity 94156K, committed 94336K, reserved 1132544K
  class space    used 11378K, capacity 12146K, committed 12160K, reserved 1048576K
}

